<?xml version="1.0" encoding="UTF-8"?>
<testsuite xmlns:xsi="http://www.w3.org/2001/XMLSchema-instance" xsi:noNamespaceSchemaLocation="https://maven.apache.org/surefire/maven-surefire-plugin/xsd/surefire-test-report-3.0.xsd" version="3.0" name="RmCommandTest" time="0.098" tests="6" errors="0" skipped="0" failures="0">
  <properties>
    <property name="jpda.address" value="57025"/>
    <property name="java.specification.version" value="17"/>
    <property name="sun.cpu.isalist" value="amd64"/>
    <property name="sun.jnu.encoding" value="Cp1252"/>
    <property name="java.class.path" value="E:\cli testing\CLI\target\test-classes;E:\cli testing\CLI\target\classes;C:\Users\HELANA\.m2\repository\org\junit\jupiter\junit-jupiter\5.10.3\junit-jupiter-5.10.3.jar;C:\Users\HELANA\.m2\repository\org\junit\jupiter\junit-jupiter-api\5.10.3\junit-jupiter-api-5.10.3.jar;C:\Users\HELANA\.m2\repository\org\opentest4j\opentest4j\1.3.0\opentest4j-1.3.0.jar;C:\Users\HELANA\.m2\repository\org\junit\platform\junit-platform-commons\1.10.3\junit-platform-commons-1.10.3.jar;C:\Users\HELANA\.m2\repository\org\apiguardian\apiguardian-api\1.1.2\apiguardian-api-1.1.2.jar;C:\Users\HELANA\.m2\repository\org\junit\jupiter\junit-jupiter-params\5.10.3\junit-jupiter-params-5.10.3.jar;C:\Users\HELANA\.m2\repository\org\junit\jupiter\junit-jupiter-engine\5.10.3\junit-jupiter-engine-5.10.3.jar;C:\Users\HELANA\.m2\repository\org\junit\platform\junit-platform-engine\1.10.3\junit-platform-engine-1.10.3.jar;"/>
    <property name="java.vm.vendor" value="Eclipse Adoptium"/>
    <property name="sun.arch.data.model" value="64"/>
    <property name="user.variant" value=""/>
    <property name="java.vendor.url" value="https://adoptium.net/"/>
    <property name="user.timezone" value="Africa/Cairo"/>
    <property name="forkMode" value="once"/>
    <property name="os.name" value="Windows 10"/>
    <property name="java.vm.specification.version" value="17"/>
    <property name="user.country" value="US"/>
    <property name="sun.java.launcher" value="SUN_STANDARD"/>
    <property name="sun.boot.library.path" value="C:\Program Files\Eclipse Adoptium\jdk-17.0.13.11-hotspot\bin"/>
    <property name="sun.java.command" value="C:\Users\HELANA\AppData\Local\Temp\surefire7388272692182423179\surefirebooter-20241030040211937_3.jar C:\Users\HELANA\AppData\Local\Temp\surefire7388272692182423179 2024-10-30T04-02-11_785-jvmRun1 surefire-20241030040211937_1tmp surefire_0-20241030040211937_2tmp"/>
    <property name="jdk.debug" value="release"/>
    <property name="test" value="RmCommandTest"/>
    <property name="surefire.test.class.path" value="E:\cli testing\CLI\target\test-classes;E:\cli testing\CLI\target\classes;C:\Users\HELANA\.m2\repository\org\junit\jupiter\junit-jupiter\5.10.3\junit-jupiter-5.10.3.jar;C:\Users\HELANA\.m2\repository\org\junit\jupiter\junit-jupiter-api\5.10.3\junit-jupiter-api-5.10.3.jar;C:\Users\HELANA\.m2\repository\org\opentest4j\opentest4j\1.3.0\opentest4j-1.3.0.jar;C:\Users\HELANA\.m2\repository\org\junit\platform\junit-platform-commons\1.10.3\junit-platform-commons-1.10.3.jar;C:\Users\HELANA\.m2\repository\org\apiguardian\apiguardian-api\1.1.2\apiguardian-api-1.1.2.jar;C:\Users\HELANA\.m2\repository\org\junit\jupiter\junit-jupiter-params\5.10.3\junit-jupiter-params-5.10.3.jar;C:\Users\HELANA\.m2\repository\org\junit\jupiter\junit-jupiter-engine\5.10.3\junit-jupiter-engine-5.10.3.jar;C:\Users\HELANA\.m2\repository\org\junit\platform\junit-platform-engine\1.10.3\junit-platform-engine-1.10.3.jar;"/>
    <property name="sun.cpu.endian" value="little"/>
    <property name="user.home" value="C:\Users\HELANA"/>
    <property name="user.language" value="en"/>
    <property name="java.specification.vendor" value="Oracle Corporation"/>
    <property name="java.version.date" value="2024-10-15"/>
    <property name="java.home" value="C:\Program Files\Eclipse Adoptium\jdk-17.0.13.11-hotspot"/>
    <property name="file.separator" value="\"/>
    <property name="basedir" value="E:\cli testing\CLI"/>
    <property name="java.vm.compressedOopsMode" value="Zero based"/>
    <property name="line.separator" value="&#10;"/>
    <property name="java.vm.specification.vendor" value="Oracle Corporation"/>
    <property name="java.specification.name" value="Java Platform API Specification"/>
    <property name="surefire.real.class.path" value="C:\Users\HELANA\AppData\Local\Temp\surefire7388272692182423179\surefirebooter-20241030040211937_3.jar"/>
    <property name="user.script" value=""/>
    <property name="sun.management.compiler" value="HotSpot 64-Bit Tiered Compilers"/>
    <property name="java.runtime.version" value="17.0.13+11"/>
    <property name="user.name" value="HELANA"/>
    <property name="path.separator" value=";"/>
    <property name="os.version" value="10.0"/>
    <property name="java.runtime.name" value="OpenJDK Runtime Environment"/>
    <property name="file.encoding" value="Cp1252"/>
    <property name="java.vm.name" value="OpenJDK 64-Bit Server VM"/>
    <property name="jpda.listen" value="true"/>
    <property name="java.vendor.version" value="Temurin-17.0.13+11"/>
    <property name="maven.ext.class.path" value="C:\Users\HELANA\.vscode\extensions\oracle.oracle-java-23.0.0\nbcode\java\maven-nblib\netbeans-eventspy.jar"/>
    <property name="localRepository" value="C:\Users\HELANA\.m2\repository"/>
    <property name="java.vendor.url.bug" value="https://github.com/adoptium/adoptium-support/issues"/>
    <property name="java.io.tmpdir" value="C:\Users\HELANA\AppData\Local\Temp\"/>
    <property name="java.version" value="17.0.13"/>
    <property name="user.dir" value="E:\cli testing\CLI"/>
    <property name="os.arch" value="amd64"/>
    <property name="java.vm.specification.name" value="Java Virtual Machine Specification"/>
    <property name="sun.os.patch.level" value=""/>
    <property name="native.encoding" value="Cp1252"/>
    <property name="java.library.path" value="C:\Program Files\Eclipse Adoptium\jdk-17.0.13.11-hotspot\bin;C:\Windows\Sun\Java\bin;C:\Windows\system32;C:\Windows;C:\Program Files\Eclipse Adoptium\jdk-17.0.13.11-hotspot\bin;C:\Windows\system32;C:\Windows;C:\Windows\System32\Wbem;C:\Windows\System32\WindowsPowerShell\v1.0\;C:\Windows\System32\OpenSSH\;C:\Program Files (x86)\NVIDIA Corporation\PhysX\Common;C:\Program Files\NVIDIA Corporation\NVIDIA NvDLISR;C:\msys64\mingw64\bin;C:\Program Files\dotnet\;C:\Program Files (x86)\Microsoft SQL Server\160\Tools\Binn\;C:\Program Files\Microsoft SQL Server\160\Tools\Binn\;C:\Program Files\Microsoft SQL Server\Client SDK\ODBC\170\Tools\Binn\;C:\Program Files\Microsoft SQL Server\160\DTS\Binn\;C:\Program Files (x86)\Microsoft SQL Server\160\DTS\Binn\;C:\Program Files\Azure Data Studio\bin;C:\Program Files\Git\cmd;C:\Program Files\nodejs\;C:\Users\HELANA\AppData\Local\Programs\Python\Python312\Scripts\;C:\Users\HELANA\AppData\Local\Programs\Python\Python312\;C:\Users\HELANA\AppData\Local\Programs\Python\Launcher\;C:\Users\HELANA\AppData\Local\Microsoft\WindowsApps;;C:\Users\HELANA\AppData\Local\Programs\Microsoft VS Code\bin;E:\Helana\CLion 2023.2.2\bin;;C:\Users\HELANA\.dotnet\tools;C:\Program Files\Azure Data Studio\bin;C:\Users\HELANA\AppData\Roaming\npm;C:\Program Files\JetBrains\IntelliJ IDEA Community Edition 2024.2.3\bin;;."/>
    <property name="java.vm.info" value="mixed mode, sharing"/>
    <property name="java.vendor" value="Eclipse Adoptium"/>
    <property name="java.vm.version" value="17.0.13+11"/>
    <property name="java.specification.maintenance.version" value="1"/>
    <property name="sun.io.unicode.encoding" value="UnicodeLittle"/>
    <property name="java.class.version" value="61.0"/>
    <property name="maven.surefire.debug" value="-agentlib:jdwp=transport=dt_socket,server=n,address=57025"/>
  </properties>
  <testcase name="testDirectoryRemoval" classname="RmCommandTest" time="0.044"/>
  <testcase name="testFileRemoval" classname="RmCommandTest" time="0.003"/>
  <testcase name="testRemoveNonExistentDirectory" classname="RmCommandTest" time="0.005"/>
  <testcase name="testRemoveDirectoryWithNestedFiles" classname="RmCommandTest" time="0.002"/>
  <testcase name="testNoArgumentsProvided" classname="RmCommandTest" time="0.003"/>
  <testcase name="testRemoveNonExistentFile" classname="RmCommandTest" time="0.003"/>
</testsuite>